Starting Application on PC201808201102 with PID 6508 (started by Administrator in D:\github workspace\sdc)
No active profile set, falling back to default profiles: default
Refreshing org.springframework.boot.context.embedded.AnnotationConfigEmbeddedWebApplicationContext@1fa121e2: startup date [Wed Mar 13 15:47:30 CST 2019]; root of context hierarchy
HV000001: Hibernate Validator 5.3.6.Final
Tomcat initialized with port(s): 8086 (http)
Starting service [Tomcat]
Starting Servlet Engine: Apache Tomcat/8.5.23
Initializing Spring embedded WebApplicationContext
Root WebApplicationContext: initialization completed in 1799 ms
Mapping servlet: 'dispatcherServlet' to [/]
Mapping filter: 'characterEncodingFilter' to: [/*]
Mapping filter: 'hiddenHttpMethodFilter' to: [/*]
Mapping filter: 'httpPutFormContentFilter' to: [/*]
Mapping filter: 'requestContextFilter' to: [/*]
Building JPA container EntityManagerFactory for persistence unit 'default'
HHH000204: Processing PersistenceUnitInfo [
	name: default
	...]
HHH000412: Hibernate Core {5.0.12.Final}
HHH000206: hibernate.properties not found
HHH000021: Bytecode provider name : javassist
HCANN000001: Hibernate Commons Annotations {5.0.1.Final}
HHH000400: Using dialect: org.hibernate.dialect.MySQL5Dialect
Initialized JPA EntityManagerFactory for persistence unit 'default'
HHH000397: Using ASTQueryTranslatorFactory
Looking for @ControllerAdvice: org.springframework.boot.context.embedded.AnnotationConfigEmbeddedWebApplicationContext@1fa121e2: startup date [Wed Mar 13 15:47:30 CST 2019]; root of context hierarchy
Mapped "{[/article/getArticleList],methods=[POST]}" onto public com.zgczx.VO.ResultVO com.zgczx.controller.ArticleController.getArticleList(java.lang.String,java.lang.String,java.lang.Integer,java.lang.Integer)
Mapped "{[/article/getArticleScore],methods=[GET]}" onto public com.zgczx.VO.ResultVO com.zgczx.controller.ArticleController.getArticleScore(java.lang.String,java.lang.Integer)
Mapped "{[/article/putScore],methods=[GET]}" onto public com.zgczx.VO.ResultVO com.zgczx.controller.ArticleController.putScore(java.lang.String,java.lang.Integer,java.lang.Integer)
Mapped "{[/article/getArticleContent],methods=[POST]}" onto public com.zgczx.VO.ResultVO com.zgczx.controller.ArticleController.getArticleContent(java.lang.Integer,java.lang.String)
Mapped "{[/course/getCountDown],methods=[GET]}" onto public com.zgczx.VO.ResultVO com.zgczx.controller.CourseController.getCountDown(java.lang.Integer)
Mapped "{[/course/onCourseEnd],methods=[GET]}" onto public com.zgczx.VO.ResultVO com.zgczx.controller.CourseController.onCourseEnd(java.lang.Integer)
Mapped "{[/course/getOnlineCourseGroupId],methods=[GET]}" onto public com.zgczx.VO.ResultVO com.zgczx.controller.CourseController.getOnlineCourseGroupId(java.lang.String,java.lang.Integer)
Mapped "{[/course/getOnClassUserOpenid],methods=[GET]}" onto public com.zgczx.VO.ResultVO com.zgczx.controller.CourseController.getOnClassUserOpenid(java.lang.Integer)
Mapped "{[/stu/order],methods=[GET]}" onto public com.zgczx.VO.ResultVO com.zgczx.controller.StuController.getOrder(java.lang.String,java.lang.Integer)
Mapped "{[/stu/findAllCourse],methods=[GET]}" onto public com.zgczx.VO.ResultVO com.zgczx.controller.StuController.findAllCourse(java.lang.Integer,java.lang.Integer)
Mapped "{[/stu/cancelOrder],methods=[POST]}" onto public com.zgczx.VO.ResultVO com.zgczx.controller.StuController.cancelOrder(java.lang.String,java.lang.String,java.lang.Integer,java.lang.Integer)
Mapped "{[/stu/feedback],methods=[POST]}" onto public com.zgczx.VO.ResultVO com.zgczx.controller.StuController.feedback(java.lang.Integer,java.lang.String,java.lang.Integer,java.lang.Integer)
Mapped "{[/stu/lookHistory],methods=[GET]}" onto public com.zgczx.VO.ResultVO com.zgczx.controller.StuController.lookHistory(java.lang.Integer,java.lang.Integer,java.lang.String)
Mapped "{[/tea/cancelCourse],methods=[POST]}" onto public com.zgczx.VO.ResultVO com.zgczx.controller.TeaController.cancelCourse(java.lang.Integer,java.lang.String,java.lang.String)
Mapped "{[/tea/createCourse],methods=[POST]}" onto public com.zgczx.VO.ResultVO com.zgczx.controller.TeaController.createCourse(com.zgczx.form.TeaCourseForm,org.springframework.validation.BindingResult,java.lang.String)
Mapped "{[/tea/findCandidatesByCourseId],methods=[GET]}" onto public com.zgczx.VO.ResultVO com.zgczx.controller.TeaController.findCandidatesByCourseId(java.lang.Integer,java.lang.String,java.lang.Integer,java.lang.Integer)
Mapped "{[/tea/findTeaHistoryCourse],methods=[GET]}" onto public com.zgczx.VO.ResultVO com.zgczx.controller.TeaController.findTeaHistoryCourse(java.lang.String,int,int)
Mapped "{[/tea/saveUpdateTeaCourse],methods=[POST]}" onto public com.zgczx.VO.ResultVO<com.zgczx.dataobject.TeaCourse> com.zgczx.controller.TeaController.saveUpdateTeaCourse(com.zgczx.dataobject.TeaCourse,org.springframework.validation.BindingResult)
Mapped "{[/tea/findTeaCourseById],methods=[GET]}" onto public com.zgczx.VO.ResultVO<com.zgczx.dataobject.TeaCourse> com.zgczx.controller.TeaController.findTeaCourseById(java.lang.Integer)
Mapped "{[/tea/saveSelectedStu],methods=[POST]}" onto public com.zgczx.VO.ResultVO com.zgczx.controller.TeaController.saveSelectedStu(java.lang.Integer,java.lang.String)
Mapped "{[/tea/createFeedBack],methods=[POST]}" onto public com.zgczx.VO.ResultVO com.zgczx.controller.TeaController.createFeedBack(java.lang.Integer,java.lang.String,java.lang.String,java.lang.Integer)
Mapped "{[/tea/finishCourse],methods=[POST]}" onto public com.zgczx.VO.ResultVO<com.zgczx.dataobject.TeaCourse> com.zgczx.controller.TeaController.finishCourse(java.lang.Integer)
Mapped "{[/user/registerStuBaseByOpenid],methods=[POST]}" onto public com.zgczx.VO.ResultVO<?> com.zgczx.controller.UserController.registerStuBaseByOpenid(com.zgczx.form.StuInfoForm,org.springframework.validation.BindingResult,java.lang.String)
Mapped "{[/user/registerTeaBaseByOpenid],methods=[POST]}" onto public com.zgczx.VO.ResultVO<?> com.zgczx.controller.UserController.registerTeaBaseByOpenid(com.zgczx.form.TeaInfoForm,org.springframework.validation.BindingResult,java.lang.String)
Mapped "{[/user/queryUserInfo],methods=[GET]}" onto public com.zgczx.VO.ResultVO<?> com.zgczx.controller.UserController.queryUserInfo(java.lang.String)
Mapped "{[/user/logout],methods=[GET]}" onto public org.springframework.web.servlet.ModelAndView com.zgczx.controller.UserController.logout(javax.servlet.http.HttpServletRequest,javax.servlet.http.HttpServletResponse)
Mapped "{[/user/deleteTeaByOpenid],methods=[GET]}" onto public com.zgczx.VO.ResultVO<?> com.zgczx.controller.UserController.deleteTeaByOpenid(java.lang.String)
Mapped "{[/user/deleteStuByOpenid],methods=[GET]}" onto public com.zgczx.VO.ResultVO<?> com.zgczx.controller.UserController.deleteStuByOpenid(java.lang.String)
Mapped "{[/wechat/userInfo],methods=[GET]}" onto public java.lang.String com.zgczx.controller.WeChatController.userInfo(java.lang.String,java.lang.String,java.lang.Integer,java.lang.String)
Mapped "{[/wechat/authorize],methods=[GET]}" onto public java.lang.String com.zgczx.controller.WeChatController.authorize(java.lang.String,java.lang.Integer,java.lang.String)
Mapped "{[/wechat/userInfoByOpenid],methods=[GET]}" onto public java.lang.String com.zgczx.controller.WeChatController.userInfoByOpenid(java.lang.String,java.lang.String,java.lang.String)
Mapped "{[/wechat/authorizeByOpenid],methods=[GET]}" onto public java.lang.String com.zgczx.controller.WeChatController.authorizeByOpenid(java.lang.String,java.lang.String)
Mapped "{[/error]}" onto public org.springframework.http.ResponseEntity<java.util.Map<java.lang.String, java.lang.Object>> org.springframework.boot.autoconfigure.web.BasicErrorController.error(javax.servlet.http.HttpServletRequest)
Mapped "{[/error],produces=[text/html]}" onto public org.springframework.web.servlet.ModelAndView org.springframework.boot.autoconfigure.web.BasicErrorController.errorHtml(javax.servlet.http.HttpServletRequest,javax.servlet.http.HttpServletResponse)
Mapped URL path [/webjars/**] onto handler of type [class org.springframework.web.servlet.resource.ResourceHttpRequestHandler]
Mapped URL path [/**] onto handler of type [class org.springframework.web.servlet.resource.ResourceHttpRequestHandler]
Detected @ExceptionHandler methods in sdcExceptionHandler
Detected @ExceptionHandler methods in userAuthorizeExceptionHandler
Mapped URL path [/**/favicon.ico] onto handler of type [class org.springframework.web.servlet.resource.ResourceHttpRequestHandler]
Adding welcome page: ServletContext resource [/index.html]
ClassTemplateLoader for Spring macros added to FreeMarker configuration
Registering beans for JMX exposure on startup
Initializing ProtocolHandler ["http-nio-8086"]
Starting ProtocolHandler ["http-nio-8086"]
Using a shared selector for servlet write/read
Tomcat started on port(s): 8086 (http)
Started Application in 5.989 seconds (JVM running for 7.051)
Initializing Spring FrameworkServlet 'dispatcherServlet'
FrameworkServlet 'dispatcherServlet': initialization started
FrameworkServlet 'dispatcherServlet': initialization completed in 22 ms
Starting Application on PC201808201102 with PID 8468 (started by Administrator in D:\github workspace\sdc)
No active profile set, falling back to default profiles: default
Refreshing org.springframework.boot.context.embedded.AnnotationConfigEmbeddedWebApplicationContext@7eac9008: startup date [Wed Mar 13 15:51:12 CST 2019]; root of context hierarchy
HV000001: Hibernate Validator 5.3.6.Final
Tomcat initialized with port(s): 8086 (http)
Starting service [Tomcat]
Starting Servlet Engine: Apache Tomcat/8.5.23
Initializing Spring embedded WebApplicationContext
Root WebApplicationContext: initialization completed in 1787 ms
Mapping servlet: 'dispatcherServlet' to [/]
Mapping filter: 'characterEncodingFilter' to: [/*]
Mapping filter: 'hiddenHttpMethodFilter' to: [/*]
Mapping filter: 'httpPutFormContentFilter' to: [/*]
Mapping filter: 'requestContextFilter' to: [/*]
Building JPA container EntityManagerFactory for persistence unit 'default'
HHH000204: Processing PersistenceUnitInfo [
	name: default
	...]
HHH000412: Hibernate Core {5.0.12.Final}
HHH000206: hibernate.properties not found
HHH000021: Bytecode provider name : javassist
HCANN000001: Hibernate Commons Annotations {5.0.1.Final}
HHH000400: Using dialect: org.hibernate.dialect.MySQL5Dialect
Initialized JPA EntityManagerFactory for persistence unit 'default'
HHH000397: Using ASTQueryTranslatorFactory
Looking for @ControllerAdvice: org.springframework.boot.context.embedded.AnnotationConfigEmbeddedWebApplicationContext@7eac9008: startup date [Wed Mar 13 15:51:12 CST 2019]; root of context hierarchy
Mapped "{[/article/getArticleContent],methods=[POST]}" onto public com.zgczx.VO.ResultVO com.zgczx.controller.ArticleController.getArticleContent(java.lang.Integer,java.lang.String)
Mapped "{[/article/getArticleList],methods=[POST]}" onto public com.zgczx.VO.ResultVO com.zgczx.controller.ArticleController.getArticleList(java.lang.String,java.lang.String,java.lang.Integer,java.lang.Integer)
Mapped "{[/article/getArticleScore],methods=[GET]}" onto public com.zgczx.VO.ResultVO com.zgczx.controller.ArticleController.getArticleScore(java.lang.String,java.lang.Integer)
Mapped "{[/article/putScore],methods=[GET]}" onto public com.zgczx.VO.ResultVO com.zgczx.controller.ArticleController.putScore(java.lang.String,java.lang.Integer,java.lang.Integer)
Mapped "{[/course/getOnlineCourseGroupId],methods=[GET]}" onto public com.zgczx.VO.ResultVO com.zgczx.controller.CourseController.getOnlineCourseGroupId(java.lang.String,java.lang.Integer)
Mapped "{[/course/getOnClassUserOpenid],methods=[GET]}" onto public com.zgczx.VO.ResultVO com.zgczx.controller.CourseController.getOnClassUserOpenid(java.lang.Integer)
Mapped "{[/course/getCountDown],methods=[GET]}" onto public com.zgczx.VO.ResultVO com.zgczx.controller.CourseController.getCountDown(java.lang.Integer)
Mapped "{[/course/onCourseEnd],methods=[GET]}" onto public com.zgczx.VO.ResultVO com.zgczx.controller.CourseController.onCourseEnd(java.lang.Integer)
Mapped "{[/stu/order],methods=[GET]}" onto public com.zgczx.VO.ResultVO com.zgczx.controller.StuController.getOrder(java.lang.String,java.lang.Integer)
Mapped "{[/stu/findAllCourse],methods=[GET]}" onto public com.zgczx.VO.ResultVO com.zgczx.controller.StuController.findAllCourse(java.lang.Integer,java.lang.Integer)
Mapped "{[/stu/cancelOrder],methods=[POST]}" onto public com.zgczx.VO.ResultVO com.zgczx.controller.StuController.cancelOrder(java.lang.String,java.lang.String,java.lang.Integer,java.lang.Integer)
Mapped "{[/stu/feedback],methods=[POST]}" onto public com.zgczx.VO.ResultVO com.zgczx.controller.StuController.feedback(java.lang.Integer,java.lang.String,java.lang.Integer,java.lang.Integer)
Mapped "{[/stu/lookHistory],methods=[GET]}" onto public com.zgczx.VO.ResultVO com.zgczx.controller.StuController.lookHistory(java.lang.Integer,java.lang.Integer,java.lang.String)
Mapped "{[/tea/findCandidatesByCourseId],methods=[GET]}" onto public com.zgczx.VO.ResultVO com.zgczx.controller.TeaController.findCandidatesByCourseId(java.lang.Integer,java.lang.String,java.lang.Integer,java.lang.Integer)
Mapped "{[/tea/findTeaHistoryCourse],methods=[GET]}" onto public com.zgczx.VO.ResultVO com.zgczx.controller.TeaController.findTeaHistoryCourse(java.lang.String,int,int)
Mapped "{[/tea/saveUpdateTeaCourse],methods=[POST]}" onto public com.zgczx.VO.ResultVO<com.zgczx.dataobject.TeaCourse> com.zgczx.controller.TeaController.saveUpdateTeaCourse(com.zgczx.dataobject.TeaCourse,org.springframework.validation.BindingResult)
Mapped "{[/tea/findTeaCourseById],methods=[GET]}" onto public com.zgczx.VO.ResultVO<com.zgczx.dataobject.TeaCourse> com.zgczx.controller.TeaController.findTeaCourseById(java.lang.Integer)
Mapped "{[/tea/cancelCourse],methods=[POST]}" onto public com.zgczx.VO.ResultVO com.zgczx.controller.TeaController.cancelCourse(java.lang.Integer,java.lang.String,java.lang.String)
Mapped "{[/tea/createCourse],methods=[POST]}" onto public com.zgczx.VO.ResultVO com.zgczx.controller.TeaController.createCourse(com.zgczx.form.TeaCourseForm,org.springframework.validation.BindingResult,java.lang.String)
Mapped "{[/tea/saveSelectedStu],methods=[POST]}" onto public com.zgczx.VO.ResultVO com.zgczx.controller.TeaController.saveSelectedStu(java.lang.Integer,java.lang.String)
Mapped "{[/tea/createFeedBack],methods=[POST]}" onto public com.zgczx.VO.ResultVO com.zgczx.controller.TeaController.createFeedBack(java.lang.Integer,java.lang.String,java.lang.String,java.lang.Integer)
Mapped "{[/tea/finishCourse],methods=[POST]}" onto public com.zgczx.VO.ResultVO<com.zgczx.dataobject.TeaCourse> com.zgczx.controller.TeaController.finishCourse(java.lang.Integer)
Mapped "{[/user/registerStuBaseByOpenid],methods=[POST]}" onto public com.zgczx.VO.ResultVO<?> com.zgczx.controller.UserController.registerStuBaseByOpenid(com.zgczx.form.StuInfoForm,org.springframework.validation.BindingResult,java.lang.String)
Mapped "{[/user/registerTeaBaseByOpenid],methods=[POST]}" onto public com.zgczx.VO.ResultVO<?> com.zgczx.controller.UserController.registerTeaBaseByOpenid(com.zgczx.form.TeaInfoForm,org.springframework.validation.BindingResult,java.lang.String)
Mapped "{[/user/deleteTeaByOpenid],methods=[GET]}" onto public com.zgczx.VO.ResultVO<?> com.zgczx.controller.UserController.deleteTeaByOpenid(java.lang.String)
Mapped "{[/user/deleteStuByOpenid],methods=[GET]}" onto public com.zgczx.VO.ResultVO<?> com.zgczx.controller.UserController.deleteStuByOpenid(java.lang.String)
Mapped "{[/user/queryUserInfo],methods=[GET]}" onto public com.zgczx.VO.ResultVO<?> com.zgczx.controller.UserController.queryUserInfo(java.lang.String)
Mapped "{[/user/logout],methods=[GET]}" onto public org.springframework.web.servlet.ModelAndView com.zgczx.controller.UserController.logout(javax.servlet.http.HttpServletRequest,javax.servlet.http.HttpServletResponse)
Mapped "{[/wechat/userInfo],methods=[GET]}" onto public java.lang.String com.zgczx.controller.WeChatController.userInfo(java.lang.String,java.lang.String,java.lang.Integer,java.lang.String)
Mapped "{[/wechat/authorizeByOpenid],methods=[GET]}" onto public java.lang.String com.zgczx.controller.WeChatController.authorizeByOpenid(java.lang.String,java.lang.String)
Mapped "{[/wechat/authorize],methods=[GET]}" onto public java.lang.String com.zgczx.controller.WeChatController.authorize(java.lang.String,java.lang.Integer,java.lang.String)
Mapped "{[/wechat/userInfoByOpenid],methods=[GET]}" onto public java.lang.String com.zgczx.controller.WeChatController.userInfoByOpenid(java.lang.String,java.lang.String,java.lang.String)
Mapped "{[/error]}" onto public org.springframework.http.ResponseEntity<java.util.Map<java.lang.String, java.lang.Object>> org.springframework.boot.autoconfigure.web.BasicErrorController.error(javax.servlet.http.HttpServletRequest)
Mapped "{[/error],produces=[text/html]}" onto public org.springframework.web.servlet.ModelAndView org.springframework.boot.autoconfigure.web.BasicErrorController.errorHtml(javax.servlet.http.HttpServletRequest,javax.servlet.http.HttpServletResponse)
Mapped URL path [/webjars/**] onto handler of type [class org.springframework.web.servlet.resource.ResourceHttpRequestHandler]
Mapped URL path [/**] onto handler of type [class org.springframework.web.servlet.resource.ResourceHttpRequestHandler]
Detected @ExceptionHandler methods in sdcExceptionHandler
Detected @ExceptionHandler methods in userAuthorizeExceptionHandler
Mapped URL path [/**/favicon.ico] onto handler of type [class org.springframework.web.servlet.resource.ResourceHttpRequestHandler]
Adding welcome page: ServletContext resource [/index.html]
ClassTemplateLoader for Spring macros added to FreeMarker configuration
Registering beans for JMX exposure on startup
Initializing ProtocolHandler ["http-nio-8086"]
Starting ProtocolHandler ["http-nio-8086"]
Using a shared selector for servlet write/read
Tomcat started on port(s): 8086 (http)
Started Application in 5.917 seconds (JVM running for 6.907)
Initializing Spring FrameworkServlet 'dispatcherServlet'
FrameworkServlet 'dispatcherServlet': initialization started
FrameworkServlet 'dispatcherServlet': initialization completed in 20 ms
